#
# A fatal error has been detected by the Java Runtime Environment:
#
#  Internal Error (classFileParser.cpp:3161), pid=2776, tid=1436
#  Error: ShouldNotReachHere()
#
# JRE version: 6.0_22-b04
# Java VM: Java HotSpot(TM) Client VM (17.1-b03 mixed mode windows-x86 )
# If you would like to submit a bug report, please visit:
#   http://java.sun.com/webapps/bugreport/crash.jsp
#

---------------  T H R E A D  ---------------

Current thread (0x012a9000):  JavaThread "Unknown thread" [_thread_in_vm, id=1436, stack(0x00260000,0x002b0000)]

Stack: [0x00260000,0x002b0000],  sp=0x002af880,  free space=13e002af890k
Native frames: (J=compiled Java code, j=interpreted, Vv=VM code, C=native code)
V  [jvm.dll+0x1fd0f0]
V  [jvm.dll+0xa4679]
V  [jvm.dll+0x75ec1]
V  [jvm.dll+0x77564]
V  [jvm.dll+0x1cbc85]
V  [jvm.dll+0x1cc3bd]
V  [jvm.dll+0x1cc775]
V  [jvm.dll+0x1cc7bb]
V  [jvm.dll+0x1cc8e2]
V  [jvm.dll+0x1cc95a]
V  [jvm.dll+0x1cce0d]
V  [jvm.dll+0x1cd222]
V  [jvm.dll+0x1ecf03]
V  [jvm.dll+0x1ed2dc]
V  [jvm.dll+0xdb681]
V  [jvm.dll+0x1e6668]
V  [jvm.dll+0x1065b0]
C  [javaw.exe+0x1657]
C  [javaw.exe+0x1e2c]
C  [javaw.exe+0x8614]
C  [kernel32.dll+0x4ed6c]
C  [ntdll.dll+0x6377b]
C  [ntdll.dll+0x6374e]


---------------  P R O C E S S  ---------------

Java Threads: ( => current thread )

Other Threads:

=>0x012a9000 (exited) JavaThread "Unknown thread" [_thread_in_vm, id=1436, stack(0x00260000,0x002b0000)]

VM state:not at safepoint (not fully initialized)

VM Mutex/Monitor currently owned by a thread: None

Dynamic libraries:
0x00400000 - 0x00424000 	C:\Program Files\Java\jdk1.6.0_22\bin\javaw.exe
0x775d0000 - 0x7770c000 	C:\Windows\SYSTEM32\ntdll.dll
0x77250000 - 0x77324000 	C:\Windows\system32\kernel32.dll
0x75830000 - 0x7587a000 	C:\Windows\system32\KERNELBASE.dll
0x773c0000 - 0x77460000 	C:\Windows\system32\ADVAPI32.dll
0x76cd0000 - 0x76d7c000 	C:\Windows\system32\msvcrt.dll
0x75a60000 - 0x75a79000 	C:\Windows\SYSTEM32\sechost.dll
0x75a80000 - 0x75b21000 	C:\Windows\system32\RPCRT4.dll
0x76fb0000 - 0x77079000 	C:\Windows\system32\USER32.dll
0x77580000 - 0x775ce000 	C:\Windows\system32\GDI32.dll
0x77720000 - 0x7772a000 	C:\Windows\system32\LPK.dll
0x75b30000 - 0x75bcd000 	C:\Windows\system32\USP10.dll
0x76990000 - 0x769af000 	C:\Windows\system32\IMM32.DLL
0x77730000 - 0x777fc000 	C:\Windows\system32\MSCTF.dll
0x7c340000 - 0x7c396000 	C:\Program Files\Java\jdk1.6.0_22\jre\bin\msvcr71.dll
0x6d8a0000 - 0x6db47000 	C:\Program Files\Java\jdk1.6.0_22\jre\bin\client\jvm.dll
0x721c0000 - 0x721f2000 	C:\Windows\system32\WINMM.dll
0x6d850000 - 0x6d85c000 	C:\Program Files\Java\jdk1.6.0_22\jre\bin\verify.dll
0x6d3d0000 - 0x6d3ef000 	C:\Program Files\Java\jdk1.6.0_22\jre\bin\java.dll
0x6d330000 - 0x6d338000 	C:\Program Files\Java\jdk1.6.0_22\jre\bin\hpi.dll
0x77710000 - 0x77715000 	C:\Windows\system32\PSAPI.DLL
0x6d890000 - 0x6d89f000 	C:\Program Files\Java\jdk1.6.0_22\jre\bin\zip.dll

VM Arguments:
jvm_args: -Dfile.encoding=GBK -Xbootclasspath:D:\DataBase\android-sdk-windows\platforms\android-10\android.jar 
java_command: lmc.lonely.SysArgs
Launcher Type: SUN_STANDARD

Environment Variables:
CLASSPATH=C:\Program Files\Java\jdk1.6.0_22\lib\dt.jar;C:\Program Files\Java\jdk1.6.0_22\lib\tools.jar;
PATH=C:/Program Files/Java/jdk1.6.0_22/bin/../jre/bin/client;C:/Program Files/Java/jdk1.6.0_22/bin/../jre/bin;C:/Program Files/Java/jdk1.6.0_22/bin/../jre/lib/i386;C:\Users\Administrator\AppData\Local\Oracle11gXE\app\oracle\product\11.2.0\server\bin;;D:\DataBase\android-sdk-windows\tools;C:\Program Files\MySQL\MySQL Server 5.0\bin;C:\Program Files\Java\jdk1.6.0_22\bin;;D:\DataBase\eclipse-java;
USERNAME=Administrator
OS=Windows_NT
PROCESSOR_IDENTIFIER=x86 Family 6 Model 23 Stepping 10, GenuineIntel



---------------  S Y S T E M  ---------------

OS: Windows 7 Build 7601 Service Pack 1

CPU:total 2 (2 cores per cpu, 1 threads per core) family 6 model 23 stepping 10, cmov, cx8, fxsr, mmx, sse, sse2, sse3, ssse3

Memory: 4k page, physical 2061688k(801104k free), swap 4123376k(2099348k free)

vm_info: Java HotSpot(TM) Client VM (17.1-b03) for windows-x86 JRE (1.6.0_22-b04), built on Sep 15 2010 00:56:36 by "java_re" with MS VC++ 7.1 (VS2003)

time: Mon Feb 25 14:02:50 2013
elapsed time: 0 seconds

